{"D:\\Practice\\jest\\react\\react-test\\src\\test\\user.tsx": {"path":"D:\\Practice\\jest\\react\\react-test\\src\\test\\user.tsx","statementMap":{"0":{"start":{"line":3,"column":14},"end":{"line":13,"column":1}},"1":{"start":{"line":4,"column":1},"end":{"line":12,"column":3}}},"fnMap":{"0":{"name":"(anonymous_0)","decl":{"start":{"line":3,"column":14},"end":{"line":3,"column":15}},"loc":{"start":{"line":3,"column":20},"end":{"line":13,"column":1}},"line":3}},"branchMap":{},"s":{"0":1,"1":1},"f":{"0":1},"b":{},"_coverageSchema":"1a1c01bbd47fc00a2c39e90264f33305004495a9","hash":"de5206de144d7d80e8cbf901b6ee2ee56e623731"}
}
